Determining if the pthread_create exist failed with the following output:
Change Dir: /home/robot/me212lab5/catkin_ws/build/CMakeFiles/CMakeTmp

Run Build Command:"/usr/bin/make" "cmTC_82367/fast"
/usr/bin/make -f CMakeFiles/cmTC_82367.dir/build.make CMakeFiles/cmTC_82367.dir/build
make[1]: Entering directory '/home/robot/me212lab5/catkin_ws/build/CMakeFiles/CMakeTmp'
Building C object CMakeFiles/cmTC_82367.dir/CheckSymbolExists.c.o
/usr/bin/cc    -Wreturn-type -Wuninitialized -Wreturn-type -Wuninitialized     -o CMakeFiles/cmTC_82367.dir/CheckSymbolExists.c.o   -c /home/robot/me212lab5/catkin_ws/build/CMakeFiles/CMakeTmp/CheckSymbolExists.c
Linking C executable cmTC_82367
/usr/bin/cmake -E cmake_link_script CMakeFiles/cmTC_82367.dir/link.txt --verbose=1
/usr/bin/cc   -Wreturn-type -Wuninitialized -Wreturn-type -Wuninitialized      CMakeFiles/cmTC_82367.dir/CheckSymbolExists.c.o  -o cmTC_82367 -rdynamic 
CMakeFiles/cmTC_82367.dir/CheckSymbolExists.c.o: In function `main':
CheckSymbolExists.c:(.text+0x16): undefined reference to `pthread_create'
collect2: error: ld returned 1 exit status
CMakeFiles/cmTC_82367.dir/build.make:97: recipe for target 'cmTC_82367' failed
make[1]: *** [cmTC_82367] Error 1
make[1]: Leaving directory '/home/robot/me212lab5/catkin_ws/build/CMakeFiles/CMakeTmp'
Makefile:126: recipe for target 'cmTC_82367/fast' failed
make: *** [cmTC_82367/fast] Error 2

File /home/robot/me212lab5/catkin_ws/build/CMakeFiles/CMakeTmp/CheckSymbolExists.c:
/* */
#include <pthread.h>

int main(int argc, char** argv)
{
  (void)argv;
#ifndef pthread_create
  return ((int*)(&pthread_create))[argc];
#else
  (void)argc;
  return 0;
#endif
}

Determining if the function pthread_create exists in the pthreads failed with the following output:
Change Dir: /home/robot/me212lab5/catkin_ws/build/CMakeFiles/CMakeTmp

Run Build Command:"/usr/bin/make" "cmTC_14515/fast"
/usr/bin/make -f CMakeFiles/cmTC_14515.dir/build.make CMakeFiles/cmTC_14515.dir/build
make[1]: Entering directory '/home/robot/me212lab5/catkin_ws/build/CMakeFiles/CMakeTmp'
Building C object CMakeFiles/cmTC_14515.dir/CheckFunctionExists.c.o
/usr/bin/cc    -Wreturn-type -Wuninitialized -Wreturn-type -Wuninitialized  -DCHECK_FUNCTION_EXISTS=pthread_create   -o CMakeFiles/cmTC_14515.dir/CheckFunctionExists.c.o   -c /usr/share/cmake-3.5/Modules/CheckFunctionExists.c
Linking C executable cmTC_14515
/usr/bin/cmake -E cmake_link_script CMakeFiles/cmTC_14515.dir/link.txt --verbose=1
/usr/bin/cc   -Wreturn-type -Wuninitialized -Wreturn-type -Wuninitialized  -DCHECK_FUNCTION_EXISTS=pthread_create    CMakeFiles/cmTC_14515.dir/CheckFunctionExists.c.o  -o cmTC_14515 -rdynamic -lpthreads 
/usr/bin/ld: cannot find -lpthreads
collect2: error: ld returned 1 exit status
CMakeFiles/cmTC_14515.dir/build.make:97: recipe for target 'cmTC_14515' failed
make[1]: *** [cmTC_14515] Error 1
make[1]: Leaving directory '/home/robot/me212lab5/catkin_ws/build/CMakeFiles/CMakeTmp'
Makefile:126: recipe for target 'cmTC_14515/fast' failed
make: *** [cmTC_14515/fast] Error 2


