Determining if the pthread_create exist failed with the following output:
Change Dir: /home/robot/me212lab4/catkin_ws/build/CMakeFiles/CMakeTmp

Run Build Command:"/usr/bin/make" "cmTC_24a54/fast"
/usr/bin/make -f CMakeFiles/cmTC_24a54.dir/build.make CMakeFiles/cmTC_24a54.dir/build
make[1]: Entering directory '/home/robot/me212lab4/catkin_ws/build/CMakeFiles/CMakeTmp'
Building C object CMakeFiles/cmTC_24a54.dir/CheckSymbolExists.c.o
/usr/bin/cc    -Wreturn-type -Wuninitialized     -o CMakeFiles/cmTC_24a54.dir/CheckSymbolExists.c.o   -c /home/robot/me212lab4/catkin_ws/build/CMakeFiles/CMakeTmp/CheckSymbolExists.c
Linking C executable cmTC_24a54
/usr/bin/cmake -E cmake_link_script CMakeFiles/cmTC_24a54.dir/link.txt --verbose=1
/usr/bin/cc   -Wreturn-type -Wuninitialized      CMakeFiles/cmTC_24a54.dir/CheckSymbolExists.c.o  -o cmTC_24a54 -rdynamic 
CMakeFiles/cmTC_24a54.dir/CheckSymbolExists.c.o: In function `main':
CheckSymbolExists.c:(.text+0x16): undefined reference to `pthread_create'
collect2: error: ld returned 1 exit status
CMakeFiles/cmTC_24a54.dir/build.make:97: recipe for target 'cmTC_24a54' failed
make[1]: *** [cmTC_24a54] Error 1
make[1]: Leaving directory '/home/robot/me212lab4/catkin_ws/build/CMakeFiles/CMakeTmp'
Makefile:126: recipe for target 'cmTC_24a54/fast' failed
make: *** [cmTC_24a54/fast] Error 2

File /home/robot/me212lab4/catkin_ws/build/CMakeFiles/CMakeTmp/CheckSymbolExists.c:
/* */
#include <pthread.h>

int main(int argc, char** argv)
{
  (void)argv;
#ifndef pthread_create
  return ((int*)(&pthread_create))[argc];
#else
  (void)argc;
  return 0;
#endif
}

Determining if the function pthread_create exists in the pthreads failed with the following output:
Change Dir: /home/robot/me212lab4/catkin_ws/build/CMakeFiles/CMakeTmp

Run Build Command:"/usr/bin/make" "cmTC_b5009/fast"
/usr/bin/make -f CMakeFiles/cmTC_b5009.dir/build.make CMakeFiles/cmTC_b5009.dir/build
make[1]: Entering directory '/home/robot/me212lab4/catkin_ws/build/CMakeFiles/CMakeTmp'
Building C object CMakeFiles/cmTC_b5009.dir/CheckFunctionExists.c.o
/usr/bin/cc    -Wreturn-type -Wuninitialized  -DCHECK_FUNCTION_EXISTS=pthread_create   -o CMakeFiles/cmTC_b5009.dir/CheckFunctionExists.c.o   -c /usr/share/cmake-3.5/Modules/CheckFunctionExists.c
Linking C executable cmTC_b5009
/usr/bin/cmake -E cmake_link_script CMakeFiles/cmTC_b5009.dir/link.txt --verbose=1
/usr/bin/cc   -Wreturn-type -Wuninitialized  -DCHECK_FUNCTION_EXISTS=pthread_create    CMakeFiles/cmTC_b5009.dir/CheckFunctionExists.c.o  -o cmTC_b5009 -rdynamic -lpthreads 
/usr/bin/ld: cannot find -lpthreads
collect2: error: ld returned 1 exit status
CMakeFiles/cmTC_b5009.dir/build.make:97: recipe for target 'cmTC_b5009' failed
make[1]: *** [cmTC_b5009] Error 1
make[1]: Leaving directory '/home/robot/me212lab4/catkin_ws/build/CMakeFiles/CMakeTmp'
Makefile:126: recipe for target 'cmTC_b5009/fast' failed
make: *** [cmTC_b5009/fast] Error 2


